<?xml version="1.0" encoding="UTF-8"?>
<!-- Generated by org.testng.reporters.JUnitReportReporter -->
<testsuite skipped="1" hostname="ASUS-ROG" name="Demo.ParallelTest" tests="3" failures="0" timestamp="2019-12-18T19:06:42 IST" time="19.179" errors="1">
  <testcase name="testgooglesearch" time="17.050" classname="Demo.ParallelTest"/>
  <testcase name="test" time="2.128" classname="Demo.ParallelTest">
    <error type="org.openqa.selenium.SessionNotCreatedException" message="session not created: This version of ChromeDriver only supports Chrome version 77
Build info: version: &#039;3.141.59&#039;, revision: &#039;e82be7d358&#039;, time: &#039;2018-11-14T08:25:53&#039;
System info: host: &#039;ASUS-ROG&#039;, ip: &#039;192.168.238.1&#039;, os.name: &#039;Windows 10&#039;, os.arch: &#039;amd64&#039;, os.version: &#039;10.0&#039;, java.version: &#039;1.8.0_221&#039;
Driver info: driver.version: ChromeDriver
remote stacktrace: Backtrace:
	Ordinal0 [0x007FEB13+1501971]
	Ordinal0 [0x0077F6D1+980689]
	Ordinal0 [0x0070765F+489055]
	Ordinal0 [0x0069F2F4+62196]
	Ordinal0 [0x0069BCDA+48346]
	Ordinal0 [0x006B9800+169984]
	Ordinal0 [0x006B942D+169005]
	Ordinal0 [0x006B78EB+162027]
	Ordinal0 [0x006A0AC7+68295]
	Ordinal0 [0x006A1B40+72512]
	Ordinal0 [0x006A1AD9+72409]
	Ordinal0 [0x00798F37+1085239]
	GetHandleVerifier [0x0089D7ED+503293]
	GetHandleVerifier [0x0089D580+502672]
	GetHandleVerifier [0x008A46AC+531644]
	GetHandleVerifier [0x0089DFFA+505354]
	Ordinal0 [0x00790606+1050118]
	Ordinal0 [0x0079047F+1049727]
	Ordinal0 [0x0079AF9B+1093531]
	Ordinal0 [0x0079B103+1093891]
	Ordinal0 [0x0079A095+1089685]
	BaseThreadInitThunk [0x753F6359+25]
	RtlGetAppContainerNamedObjectPath [0x775E7B74+228]
	RtlGetAppContainerNamedObjectPath [0x775E7B44+180]
">
      <![CDATA[org.openqa.selenium.SessionNotCreatedException: session not created: This version of ChromeDriver only supports Chrome version 77
Build info: version: '3.141.59', revision: 'e82be7d358', time: '2018-11-14T08:25:53'
System info: host: 'ASUS-ROG', ip: '192.168.238.1', os.name: 'Windows 10', os.arch: 'amd64', os.version: '10.0', java.version: '1.8.0_221'
Driver info: driver.version: ChromeDriver
remote stacktrace: Backtrace:
Ordinal0 [0x007FEB13+1501971]
Ordinal0 [0x0077F6D1+980689]
Ordinal0 [0x0070765F+489055]
Ordinal0 [0x0069F2F4+62196]
Ordinal0 [0x0069BCDA+48346]
Ordinal0 [0x006B9800+169984]
Ordinal0 [0x006B942D+169005]
Ordinal0 [0x006B78EB+162027]
Ordinal0 [0x006A0AC7+68295]
Ordinal0 [0x006A1B40+72512]
Ordinal0 [0x006A1AD9+72409]
Ordinal0 [0x00798F37+1085239]
GetHandleVerifier [0x0089D7ED+503293]
GetHandleVerifier [0x0089D580+502672]
GetHandleVerifier [0x008A46AC+531644]
GetHandleVerifier [0x0089DFFA+505354]
Ordinal0 [0x00790606+1050118]
Ordinal0 [0x0079047F+1049727]
Ordinal0 [0x0079AF9B+1093531]
Ordinal0 [0x0079B103+1093891]
Ordinal0 [0x0079A095+1089685]
BaseThreadInitThunk [0x753F6359+25]
RtlGetAppContainerNamedObjectPath [0x775E7B74+228]
RtlGetAppContainerNamedObjectPath [0x775E7B44+180]

at sun.reflect.NativeConstructorAccessorImpl.newInstance0(Native Method)
at sun.reflect.NativeConstructorAccessorImpl.newInstance(Unknown Source)
at sun.reflect.DelegatingConstructorAccessorImpl.newInstance(Unknown Source)
at java.lang.reflect.Constructor.newInstance(Unknown Source)
at org.openqa.selenium.remote.W3CHandshakeResponse.lambda$errorHandler$0(W3CHandshakeResponse.java:62)
at org.openqa.selenium.remote.HandshakeResponse.lambda$getResponseFunction$0(HandshakeResponse.java:30)
at org.openqa.selenium.remote.ProtocolHandshake.lambda$createSession$0(ProtocolHandshake.java:126)
at java.util.stream.ReferencePipeline$3$1.accept(Unknown Source)
at java.util.Spliterators$ArraySpliterator.tryAdvance(Unknown Source)
at java.util.stream.ReferencePipeline.forEachWithCancel(Unknown Source)
at java.util.stream.AbstractPipeline.copyIntoWithCancel(Unknown Source)
at java.util.stream.AbstractPipeline.copyInto(Unknown Source)
at java.util.stream.AbstractPipeline.wrapAndCopyInto(Unknown Source)
at java.util.stream.FindOps$FindOp.evaluateSequential(Unknown Source)
at java.util.stream.AbstractPipeline.evaluate(Unknown Source)
at java.util.stream.ReferencePipeline.findFirst(Unknown Source)
at org.openqa.selenium.remote.ProtocolHandshake.createSession(ProtocolHandshake.java:128)
at org.openqa.selenium.remote.ProtocolHandshake.createSession(ProtocolHandshake.java:74)
at org.openqa.selenium.remote.HttpCommandExecutor.execute(HttpCommandExecutor.java:136)
at org.openqa.selenium.remote.service.DriverCommandExecutor.execute(DriverCommandExecutor.java:83)
at org.openqa.selenium.remote.RemoteWebDriver.execute(RemoteWebDriver.java:552)
at org.openqa.selenium.remote.RemoteWebDriver.startSession(RemoteWebDriver.java:213)
at org.openqa.selenium.remote.RemoteWebDriver.<init>(RemoteWebDriver.java:131)
at org.openqa.selenium.chrome.ChromeDriver.<init>(ChromeDriver.java:181)
at org.openqa.selenium.chrome.ChromeDriver.<init>(ChromeDriver.java:168)
at org.openqa.selenium.chrome.ChromeDriver.<init>(ChromeDriver.java:123)
at Demo.TestTestNGParallel.test(TestTestNGParallel.java:19)
at sun.reflect.NativeMethodAccessorImpl.invoke0(Native Method)
at sun.reflect.NativeMethodAccessorImpl.invoke(Unknown Source)
at sun.reflect.DelegatingMethodAccessorImpl.invoke(Unknown Source)
at java.lang.reflect.Method.invoke(Unknown Source)
at org.testng.internal.MethodInvocationHelper.invokeMethod(MethodInvocationHelper.java:133)
at org.testng.internal.MethodInvocationHelper.invokeMethodConsideringTimeout(MethodInvocationHelper.java:62)
at org.testng.internal.ConfigInvoker.invokeConfigurationMethod(ConfigInvoker.java:340)
at org.testng.internal.ConfigInvoker.invokeConfigurations(ConfigInvoker.java:294)
at org.testng.TestRunner.invokeTestConfigurations(TestRunner.java:623)
at org.testng.TestRunner.beforeRun(TestRunner.java:613)
at org.testng.TestRunner.run(TestRunner.java:584)
at org.testng.SuiteRunner.runTest(SuiteRunner.java:402)
at org.testng.SuiteRunner.access$000(SuiteRunner.java:41)
at org.testng.SuiteRunner$SuiteWorker.run(SuiteRunner.java:443)
at org.testng.internal.thread.ThreadUtil.lambda$execute$0(ThreadUtil.java:67)
at java.util.concurrent.FutureTask.run(Unknown Source)
at java.util.concurrent.ThreadPoolExecutor.runWorker(Unknown Source)
at java.util.concurrent.ThreadPoolExecutor$Worker.run(Unknown Source)
at java.lang.Thread.run(Unknown Source)
]]>
    </error>
  </testcase> <!-- test -->
  <testcase name="testgooglesearch" time="0.001" classname="Demo.ParallelTest">
    <skipped/>
  </testcase> <!-- testgooglesearch -->
</testsuite> <!-- Demo.ParallelTest -->
